<?xml version="1.0" encoding="UTF-8"?>
<!-- Generated by org.testng.reporters.JUnitReportReporter -->
<testsuite skipped="0" hostname="Shivansh-PC" name="omayoblog.testcases.DemoToursRegistrationTestCase" tests="1" failures="0" timestamp="04 Apr 2023 01:50:30 GMT" time="17.561" errors="0">
  <testcase name="verifyRegistration" time="17.561" classname="omayoblog.testcases.DemoToursRegistrationTestCase"/>
</testsuite> <!-- omayoblog.testcases.DemoToursRegistrationTestCase -->
