<?xml version="1.0" encoding="UTF-8"?>
<!-- Generated by org.testng.reporters.JUnitReportReporter -->
<testsuite hostname="Shivansh-PC" name="omayoblog.testcases.DemoToursRegistrationTestCase" tests="1" failures="0" timestamp="3 Apr 2023 02:06:26 GMT" time="14.616" errors="0">
  <testcase name="verifyRegistration" time="14.616" classname="omayoblog.testcases.DemoToursRegistrationTestCase"/>
</testsuite> <!-- omayoblog.testcases.DemoToursRegistrationTestCase -->
