<?xml version="1.0" encoding="UTF-8"?>
<!-- Generated by org.testng.reporters.JUnitReportReporter -->
<testsuite hostname="Shivansh-PC" name="omayoblog.testcases.DemoToursRegistrationTestCase" tests="1" failures="0" timestamp="4 Apr 2023 01:52:54 GMT" time="12.215" errors="0">
  <testcase name="verifyRegistration" time="12.215" classname="omayoblog.testcases.DemoToursRegistrationTestCase"/>
</testsuite> <!-- omayoblog.testcases.DemoToursRegistrationTestCase -->
